2024-04-25T01:04:24.437-0500 INFO Starting Zendeskfive9IvrApplication using Java 17.0.6 on joel-ROG-Strix-G513QM-G513QM with PID 77090 (/home/joel/Documentos/zendeskfive9IVR/target/classes started by joel in /home/joel/Documentos/zendeskfive9IVR)
2024-04-25T01:04:24.443-0500 DEBUG Running with Spring Boot v2.4.0, Spring v5.3.1
2024-04-25T01:04:24.445-0500 INFO No active profile set, falling back to default profiles: default
2024-04-25T01:04:25.436-0500 INFO Started Zendeskfive9IvrApplication in 1.202 seconds (JVM running for 1.807)
2024-04-25T01:04:32.994-0500 INFO Traze message in API extern list Zendesk  [] <200,{"items":[{"data":{"id":2194058691,"owner_id":5659584,"first_name":"Lead IVR","last_name":"Lead IVR","source_id":null,"unqualified_reason_id":null,"created_at":"2024-04-25T06:00:49Z","updated_at":"2024-04-25T06:00:49Z","twitter":null,"phone":null,"mobile":"926907412","facebook":null,"email":null,"title":null,"skype":null,"linkedin":null,"description":"Lead Ingresado por IVR","industry":null,"fax":null,"website":null,"address":{"line1":null,"city":null,"postal_code":null,"state":null,"country":null},"status":"New","creator_id":5659584,"organization_name":null,"tags":["ivr lead"],"custom_fields":{"Nro Documento":"07302267","Tipo Documento":"DNI"}},"meta":{"version":1,"type":"lead"}},{"data":{"id":2194058693,"owner_id":5659584,"first_name":"Lead IVR","last_name":"Lead IVR","source_id":null,"unqualified_reason_id":null,"created_at":"2024-04-25T06:00:50Z","updated_at":"2024-04-25T06:00:50Z","twitter":null,"phone":null,"mobile":"926907412","facebook":null,"email":null,"title":null,"skype":null,"linkedin":null,"description":"Lead Ingresado por IVR","industry":null,"fax":null,"website":null,"address":{"line1":null,"city":null,"postal_code":null,"state":null,"country":null},"status":"New","creator_id":5659584,"organization_name":null,"tags":["ivr lead"],"custom_fields":{"Nro Documento":"07302267","Tipo Documento":"DNI"}},"meta":{"version":1,"type":"lead"}}],"meta":{"type":"collection","count":2,"links":{"self":"https://api.getbase.com/v2/leads?custom_fields%5BNro+Documento%5D=07302267\u0026page=1\u0026per_page=25"}}},[Date:"Thu, 25 Apr 2024 06:04:32 GMT", Content-Type:"application/json; charset=utf-8", Transfer-Encoding:"chunked", Connection:"keep-alive", x-frame-options:"SAMEORIGIN", x-xss-protection:"1; mode=block", x-content-type-options:"nosniff", x-download-options:"noopen", x-permitted-cross-domain-policies:"none", referrer-policy:"strict-origin-when-cross-origin", x-operation-id:"28876b30-ad3f-4fe1-9a76-1a417aa9475e", etag:"W/"c0399c5698212581d8531b5d62e74961"", cache-control:"private, no-store", x-runtime:"0.054393", x-envoy-upstream-service-time:"81", x-infrastructure-source-dmz:"true", x-infrastructure-source-sell:"false", x-geoip-country-code:"PE", x-geoip-region-code:"LMA", x-internal-latency:"0.059", X-Zendesk-Zorg:"yes", X-Request-ID:"879c22df4c80144d-LIM", CF-Cache-Status:"DYNAMIC", Report-To:"{"endpoints":[{"url":"https:\/\/a.nel.cloudflare.com\/report\/v4?s=Me1wHRCgnMBoWv2Ywn%2BxFISiqev8jQFJZiXU5EwEFyBOnTBAufb7uVwY04LiN78aU9IdjTAVAVUlsfZGEWM%2BVwmhjwNR7Aj2MW9WbB4pvfPKN6tffzf2Q9%2FVvdS0vh0sjw%3D%3D"}],"group":"cf-nel","max_age":604800}", NEL:"{"success_fraction":0.01,"report_to":"cf-nel","max_age":604800}", Server:"cloudflare", CF-RAY:"879c22df4c80144d-LIM"]>
2024-04-25T01:56:25.117-0500 INFO Starting Zendeskfive9IvrApplication using Java 17.0.6 on joel-ROG-Strix-G513QM-G513QM with PID 83812 (/home/joel/Documentos/zendeskfive9IVR/target/classes started by joel in /home/joel/Documentos/zendeskfive9IVR)
2024-04-25T01:56:25.123-0500 DEBUG Running with Spring Boot v2.4.0, Spring v5.3.1
2024-04-25T01:56:25.126-0500 INFO No active profile set, falling back to default profiles: default
2024-04-25T01:56:26.832-0500 INFO Started Zendeskfive9IvrApplication in 2.104 seconds (JVM running for 3.16)
2024-04-25T01:56:57.075-0500 INFO Starting Zendeskfive9IvrApplication using Java 21.0.2 on joel-ROG-Strix-G513QM-G513QM with PID 83962 (/home/joel/Documentos/zendeskfive9IVR/target/classes started by joel in /home/joel/Documentos/zendeskfive9IVR)
2024-04-25T01:56:57.084-0500 DEBUG Running with Spring Boot v2.4.0, Spring v5.3.1
2024-04-25T01:56:57.086-0500 INFO No active profile set, falling back to default profiles: default
2024-04-25T01:56:59.463-0500 INFO Started Zendeskfive9IvrApplication in 2.838 seconds (JVM running for 6.243)
2024-04-25T01:57:04.052-0500 INFO Starting Zendeskfive9IvrApplication using Java 21.0.2 on joel-ROG-Strix-G513QM-G513QM with PID 83962 (/home/joel/Documentos/zendeskfive9IVR/target/classes started by joel in /home/joel/Documentos/zendeskfive9IVR)
2024-04-25T01:57:04.054-0500 DEBUG Running with Spring Boot v2.4.0, Spring v5.3.1
2024-04-25T01:57:04.055-0500 INFO No active profile set, falling back to default profiles: default
2024-04-25T01:57:04.548-0500 INFO Started Zendeskfive9IvrApplication in 0.57 seconds (JVM running for 11.327)
2024-04-25T01:57:08.222-0500 INFO Starting Zendeskfive9IvrApplication using Java 21.0.2 on joel-ROG-Strix-G513QM-G513QM with PID 83962 (/home/joel/Documentos/zendeskfive9IVR/target/classes started by joel in /home/joel/Documentos/zendeskfive9IVR)
2024-04-25T01:57:08.223-0500 DEBUG Running with Spring Boot v2.4.0, Spring v5.3.1
2024-04-25T01:57:08.224-0500 INFO No active profile set, falling back to default profiles: default
2024-04-25T01:57:08.727-0500 INFO Started Zendeskfive9IvrApplication in 0.569 seconds (JVM running for 15.506)
2024-04-25T01:59:42.363-0500 INFO Starting Zendeskfive9IvrApplication using Java 21.0.2 on joel-ROG-Strix-G513QM-G513QM with PID 84843 (/home/joel/Documentos/zendeskfive9IVR/target/classes started by joel in /home/joel/Documentos/zendeskfive9IVR)
2024-04-25T01:59:42.368-0500 DEBUG Running with Spring Boot v2.4.0, Spring v5.3.1
2024-04-25T01:59:42.370-0500 INFO No active profile set, falling back to default profiles: default
2024-04-25T01:59:43.811-0500 INFO Started Zendeskfive9IvrApplication in 1.787 seconds (JVM running for 3.118)
2024-04-25T01:59:47.362-0500 INFO Starting Zendeskfive9IvrApplication using Java 21.0.2 on joel-ROG-Strix-G513QM-G513QM with PID 84843 (/home/joel/Documentos/zendeskfive9IVR/target/classes started by joel in /home/joel/Documentos/zendeskfive9IVR)
2024-04-25T01:59:47.364-0500 DEBUG Running with Spring Boot v2.4.0, Spring v5.3.1
2024-04-25T01:59:47.365-0500 INFO No active profile set, falling back to default profiles: default
2024-04-25T01:59:47.820-0500 INFO Started Zendeskfive9IvrApplication in 0.533 seconds (JVM running for 7.127)
2024-04-25T02:00:00.070-0500 INFO Traze message in API extern list Zendesk  [] <200,{"items":[{"data":{"id":2194058691,"owner_id":5659584,"first_name":"Lead IVR","last_name":"Lead IVR","source_id":null,"unqualified_reason_id":null,"created_at":"2024-04-25T06:00:49Z","updated_at":"2024-04-25T06:00:49Z","twitter":null,"phone":null,"mobile":"926907412","facebook":null,"email":null,"title":null,"skype":null,"linkedin":null,"description":"Lead Ingresado por IVR","industry":null,"fax":null,"website":null,"address":{"line1":null,"city":null,"postal_code":null,"state":null,"country":null},"status":"New","creator_id":5659584,"organization_name":null,"tags":["ivr lead"],"custom_fields":{"Nro Documento":"07302267","Tipo Documento":"DNI"}},"meta":{"version":1,"type":"lead"}},{"data":{"id":2194058693,"owner_id":5659584,"first_name":"Lead IVR","last_name":"Lead IVR","source_id":null,"unqualified_reason_id":null,"created_at":"2024-04-25T06:00:50Z","updated_at":"2024-04-25T06:00:50Z","twitter":null,"phone":null,"mobile":"926907412","facebook":null,"email":null,"title":null,"skype":null,"linkedin":null,"description":"Lead Ingresado por IVR","industry":null,"fax":null,"website":null,"address":{"line1":null,"city":null,"postal_code":null,"state":null,"country":null},"status":"New","creator_id":5659584,"organization_name":null,"tags":["ivr lead"],"custom_fields":{"Nro Documento":"07302267","Tipo Documento":"DNI"}},"meta":{"version":1,"type":"lead"}}],"meta":{"type":"collection","count":2,"links":{"self":"https://api.getbase.com/v2/leads?custom_fields%5BNro+Documento%5D=07302267\u0026page=1\u0026per_page=25"}}},[Date:"Thu, 25 Apr 2024 07:00:00 GMT", Content-Type:"application/json; charset=utf-8", Transfer-Encoding:"chunked", Connection:"keep-alive", x-frame-options:"SAMEORIGIN", x-xss-protection:"1; mode=block", x-content-type-options:"nosniff", x-download-options:"noopen", x-permitted-cross-domain-policies:"none", referrer-policy:"strict-origin-when-cross-origin", x-operation-id:"e6d8027d-9b43-422a-8328-ab84c4f4a9ad", etag:"W/"c0399c5698212581d8531b5d62e74961"", cache-control:"private, no-store", x-runtime:"0.054985", x-envoy-upstream-service-time:"93", x-infrastructure-source-dmz:"true", x-infrastructure-source-sell:"false", x-geoip-country-code:"PE", x-geoip-region-code:"LMA", x-internal-latency:"0.062", X-Zendesk-Zorg:"yes", X-Request-ID:"879c7419fec46df8-LIM", CF-Cache-Status:"DYNAMIC", Report-To:"{"endpoints":[{"url":"https:\/\/a.nel.cloudflare.com\/report\/v4?s=YnDrn%2F00%2FzPD82V084FBjPJR17XULMcUwqU9EuBff%2B7S%2FWwjuQfoxpmOWfaVAaJ2YdwzETnVLtBqhc46YdHofLsPL9zDas9QwaQR9DpKWJYoInHPj0NCFewd8UNfv32kUQ%3D%3D"}],"group":"cf-nel","max_age":604800}", NEL:"{"success_fraction":0.01,"report_to":"cf-nel","max_age":604800}", Server:"cloudflare", CF-RAY:"879c7419fec46df8-LIM"]>
2024-04-25T02:05:39.230-0500 INFO Starting Zendeskfive9IvrApplication using Java 17.0.6 on joel-ROG-Strix-G513QM-G513QM with PID 85647 (/home/joel/Documentos/zendeskfive9IVR/target/classes started by joel in /home/joel/Documentos/zendeskfive9IVR)
2024-04-25T02:05:39.238-0500 DEBUG Running with Spring Boot v2.4.0, Spring v5.3.1
2024-04-25T02:05:39.240-0500 INFO No active profile set, falling back to default profiles: default
2024-04-25T02:05:41.039-0500 INFO Started Zendeskfive9IvrApplication in 2.145 seconds (JVM running for 3.109)
2024-04-25T02:05:47.393-0500 INFO Traze message in API extern list Zendesk  [] <200,{"items":[{"data":{"id":2194058691,"owner_id":5659584,"first_name":"Lead IVR","last_name":"Lead IVR","source_id":null,"unqualified_reason_id":null,"created_at":"2024-04-25T06:00:49Z","updated_at":"2024-04-25T06:00:49Z","twitter":null,"phone":null,"mobile":"926907412","facebook":null,"email":null,"title":null,"skype":null,"linkedin":null,"description":"Lead Ingresado por IVR","industry":null,"fax":null,"website":null,"address":{"line1":null,"city":null,"postal_code":null,"state":null,"country":null},"status":"New","creator_id":5659584,"organization_name":null,"tags":["ivr lead"],"custom_fields":{"Nro Documento":"07302267","Tipo Documento":"DNI"}},"meta":{"version":1,"type":"lead"}},{"data":{"id":2194058693,"owner_id":5659584,"first_name":"Lead IVR","last_name":"Lead IVR","source_id":null,"unqualified_reason_id":null,"created_at":"2024-04-25T06:00:50Z","updated_at":"2024-04-25T06:00:50Z","twitter":null,"phone":null,"mobile":"926907412","facebook":null,"email":null,"title":null,"skype":null,"linkedin":null,"description":"Lead Ingresado por IVR","industry":null,"fax":null,"website":null,"address":{"line1":null,"city":null,"postal_code":null,"state":null,"country":null},"status":"New","creator_id":5659584,"organization_name":null,"tags":["ivr lead"],"custom_fields":{"Nro Documento":"07302267","Tipo Documento":"DNI"}},"meta":{"version":1,"type":"lead"}}],"meta":{"type":"collection","count":2,"links":{"self":"https://api.getbase.com/v2/leads?custom_fields%5BNro+Documento%5D=07302267\u0026page=1\u0026per_page=25"}}},[Date:"Thu, 25 Apr 2024 07:05:47 GMT", Content-Type:"application/json; charset=utf-8", Transfer-Encoding:"chunked", Connection:"keep-alive", x-frame-options:"SAMEORIGIN", x-xss-protection:"1; mode=block", x-content-type-options:"nosniff", x-download-options:"noopen", x-permitted-cross-domain-policies:"none", referrer-policy:"strict-origin-when-cross-origin", x-operation-id:"cc9faed2-1025-437a-b377-7880e12a59f6", etag:"W/"c0399c5698212581d8531b5d62e74961"", cache-control:"private, no-store", x-runtime:"0.051775", x-envoy-upstream-service-time:"90", x-infrastructure-source-dmz:"true", x-infrastructure-source-sell:"false", x-geoip-country-code:"PE", x-geoip-region-code:"LMA", x-internal-latency:"0.057", X-Zendesk-Zorg:"yes", X-Request-ID:"879c7c94caf36dec-LIM", CF-Cache-Status:"DYNAMIC", Report-To:"{"endpoints":[{"url":"https:\/\/a.nel.cloudflare.com\/report\/v4?s=AqquxoBBNnxTyCIBTUnoY3oDEHPr2XUI8TknyHhhVOBe0K97HY3uWQnBwe2SxNAEUTtBs%2BrjELKMCkIOPxVwx238EPj86GTgyJs9fZdYcK%2FXlFA%2B5ECgsO0XKczNFc6FYA%3D%3D"}],"group":"cf-nel","max_age":604800}", NEL:"{"success_fraction":0.01,"report_to":"cf-nel","max_age":604800}", Server:"cloudflare", CF-RAY:"879c7c94caf36dec-LIM"]>
2024-04-25T02:40:03.261-0500 INFO Starting Zendeskfive9IvrApplication using Java 17.0.6 on joel-ROG-Strix-G513QM-G513QM with PID 91086 (/home/joel/Documentos/zendeskfive9IVR/target/classes started by joel in /home/joel/Documentos/zendeskfive9IVR)
2024-04-25T02:40:03.270-0500 DEBUG Running with Spring Boot v2.4.0, Spring v5.3.1
2024-04-25T02:40:03.272-0500 INFO No active profile set, falling back to default profiles: default
2024-04-25T02:40:04.946-0500 INFO Started Zendeskfive9IvrApplication in 2.061 seconds (JVM running for 3.342)
2024-04-25T02:52:17.184-0500 INFO Starting Zendeskfive9IvrApplication using Java 17.0.6 on joel-ROG-Strix-G513QM-G513QM with PID 92374 (/home/joel/Documentos/zendeskfive9IVR/target/classes started by joel in /home/joel/Documentos/zendeskfive9IVR)
2024-04-25T02:52:17.193-0500 DEBUG Running with Spring Boot v2.4.0, Spring v5.3.1
2024-04-25T02:52:17.197-0500 INFO No active profile set, falling back to default profiles: default
2024-04-25T02:52:18.857-0500 INFO Started Zendeskfive9IvrApplication in 2.062 seconds (JVM running for 3.088)
2024-04-25T02:53:43.722-0500 INFO Starting Zendeskfive9IvrApplication using Java 17.0.6 on joel-ROG-Strix-G513QM-G513QM with PID 92640 (/home/joel/Documentos/zendeskfive9IVR/target/classes started by joel in /home/joel/Documentos/zendeskfive9IVR)
2024-04-25T02:53:43.729-0500 DEBUG Running with Spring Boot v2.4.0, Spring v5.3.1
2024-04-25T02:53:43.731-0500 INFO No active profile set, falling back to default profiles: default
2024-04-25T02:53:45.487-0500 INFO Started Zendeskfive9IvrApplication in 2.137 seconds (JVM running for 3.228)
2024-04-25T15:35:53.259-0500 INFO Starting Zendeskfive9IvrApplication using Java 21.0.2 on joel-ROG-Strix-G513QM-G513QM with PID 7343 (/home/joel/Documentos/zendeskfive9IVR/target/classes started by joel in /home/joel/Documentos/zendeskfive9IVR)
2024-04-25T15:35:53.265-0500 DEBUG Running with Spring Boot v2.4.0, Spring v5.3.1
2024-04-25T15:35:53.270-0500 INFO No active profile set, falling back to default profiles: default
2024-04-25T15:35:54.139-0500 INFO Started Zendeskfive9IvrApplication in 1.095 seconds (JVM running for 2.533)
2024-04-25T15:35:56.629-0500 INFO Starting Zendeskfive9IvrApplication using Java 21.0.2 on joel-ROG-Strix-G513QM-G513QM with PID 7343 (/home/joel/Documentos/zendeskfive9IVR/target/classes started by joel in /home/joel/Documentos/zendeskfive9IVR)
2024-04-25T15:35:56.630-0500 DEBUG Running with Spring Boot v2.4.0, Spring v5.3.1
2024-04-25T15:35:56.630-0500 INFO No active profile set, falling back to default profiles: default
2024-04-25T15:35:56.807-0500 INFO Started Zendeskfive9IvrApplication in 0.21 seconds (JVM running for 5.202)
2024-04-25T15:36:37.545-0500 INFO Starting Zendeskfive9IvrApplication using Java 21.0.2 on joel-ROG-Strix-G513QM-G513QM with PID 7343 (/home/joel/Documentos/zendeskfive9IVR/target/classes started by joel in /home/joel/Documentos/zendeskfive9IVR)
2024-04-25T15:36:37.546-0500 DEBUG Running with Spring Boot v2.4.0, Spring v5.3.1
2024-04-25T15:36:37.546-0500 INFO No active profile set, falling back to default profiles: default
2024-04-25T15:36:37.704-0500 INFO Started Zendeskfive9IvrApplication in 8.416 seconds (JVM running for 46.099)
2024-04-25T15:52:59.503-0500 INFO Starting Zendeskfive9IvrApplication using Java 17.0.6 on joel-ROG-Strix-G513QM-G513QM with PID 9285 (/home/joel/Documentos/zendeskfive9IVR/target/classes started by joel in /home/joel/Documentos/zendeskfive9IVR)
2024-04-25T15:52:59.507-0500 DEBUG Running with Spring Boot v2.4.0, Spring v5.3.1
2024-04-25T15:52:59.507-0500 INFO No active profile set, falling back to default profiles: default
2024-04-25T15:53:00.095-0500 INFO Started Zendeskfive9IvrApplication in 0.746 seconds (JVM running for 1.185)
2024-04-25T15:58:03.213-0500 INFO Starting Zendeskfive9IvrApplication using Java 17.0.6 on joel-ROG-Strix-G513QM-G513QM with PID 9586 (/home/joel/Documentos/zendeskfive9IVR/target/classes started by joel in /home/joel/Documentos/zendeskfive9IVR)
2024-04-25T15:58:03.216-0500 DEBUG Running with Spring Boot v2.4.0, Spring v5.3.1
2024-04-25T15:58:03.217-0500 INFO No active profile set, falling back to default profiles: default
2024-04-25T15:58:03.796-0500 INFO Started Zendeskfive9IvrApplication in 0.74 seconds (JVM running for 1.137)
2024-04-25T16:26:53.223-0500 INFO Starting Zendeskfive9IvrApplication using Java 21.0.2 on joel-ROG-Strix-G513QM-G513QM with PID 11561 (/home/joel/Documentos/zendeskfive9IVR/target/classes started by joel in /home/joel/Documentos/zendeskfive9IVR)
2024-04-25T16:26:53.231-0500 DEBUG Running with Spring Boot v2.4.0, Spring v5.3.1
2024-04-25T16:26:53.233-0500 INFO No active profile set, falling back to default profiles: default
2024-04-25T16:26:54.756-0500 INFO Started Zendeskfive9IvrApplication in 1.896 seconds (JVM running for 3.542)
2024-04-25T16:27:01.307-0500 INFO Starting Zendeskfive9IvrApplication using Java 21.0.2 on joel-ROG-Strix-G513QM-G513QM with PID 11561 (/home/joel/Documentos/zendeskfive9IVR/target/classes started by joel in /home/joel/Documentos/zendeskfive9IVR)
2024-04-25T16:27:01.308-0500 DEBUG Running with Spring Boot v2.4.0, Spring v5.3.1
2024-04-25T16:27:01.309-0500 INFO No active profile set, falling back to default profiles: default
2024-04-25T16:27:01.763-0500 INFO Started Zendeskfive9IvrApplication in 0.518 seconds (JVM running for 10.55)
2024-04-25T16:27:10.377-0500 INFO Starting Zendeskfive9IvrApplication using Java 21.0.2 on joel-ROG-Strix-G513QM-G513QM with PID 11561 (/home/joel/Documentos/zendeskfive9IVR/target/classes started by joel in /home/joel/Documentos/zendeskfive9IVR)
2024-04-25T16:27:10.379-0500 DEBUG Running with Spring Boot v2.4.0, Spring v5.3.1
2024-04-25T16:27:10.380-0500 INFO No active profile set, falling back to default profiles: default
2024-04-25T16:27:10.789-0500 INFO Started Zendeskfive9IvrApplication in 0.467 seconds (JVM running for 19.575)
2024-04-25T16:27:14.442-0500 INFO Starting Zendeskfive9IvrApplication using Java 21.0.2 on joel-ROG-Strix-G513QM-G513QM with PID 11561 (/home/joel/Documentos/zendeskfive9IVR/target/classes started by joel in /home/joel/Documentos/zendeskfive9IVR)
2024-04-25T16:27:14.443-0500 DEBUG Running with Spring Boot v2.4.0, Spring v5.3.1
2024-04-25T16:27:14.444-0500 INFO No active profile set, falling back to default profiles: default
2024-04-25T16:27:14.813-0500 INFO Started Zendeskfive9IvrApplication in 0.441 seconds (JVM running for 23.599)
2024-04-25T16:27:25.431-0500 INFO Starting Zendeskfive9IvrApplication using Java 21.0.2 on joel-ROG-Strix-G513QM-G513QM with PID 11561 (/home/joel/Documentos/zendeskfive9IVR/target/classes started by joel in /home/joel/Documentos/zendeskfive9IVR)
2024-04-25T16:27:25.433-0500 DEBUG Running with Spring Boot v2.4.0, Spring v5.3.1
2024-04-25T16:27:25.433-0500 INFO No active profile set, falling back to default profiles: default
2024-04-25T16:27:25.672-0500 INFO Started Zendeskfive9IvrApplication in 0.289 seconds (JVM running for 34.458)
2024-04-25T16:30:16.210-0500 INFO Starting Zendeskfive9IvrApplication using Java 17.0.6 on joel-ROG-Strix-G513QM-G513QM with PID 12140 (/home/joel/Documentos/zendeskfive9IVR/target/classes started by joel in /home/joel/Documentos/zendeskfive9IVR)
2024-04-25T16:30:16.218-0500 DEBUG Running with Spring Boot v2.4.0, Spring v5.3.1
2024-04-25T16:30:16.219-0500 INFO No active profile set, falling back to default profiles: default
2024-04-25T16:30:17.334-0500 INFO Started Zendeskfive9IvrApplication in 1.4 seconds (JVM running for 2.092)
2024-04-25T16:30:54.744-0500 INFO Starting Zendeskfive9IvrApplication using Java 21.0.2 on joel-ROG-Strix-G513QM-G513QM with PID 12258 (/home/joel/Documentos/zendeskfive9IVR/target/classes started by joel in /home/joel/Documentos/zendeskfive9IVR)
2024-04-25T16:30:54.755-0500 DEBUG Running with Spring Boot v2.4.0, Spring v5.3.1
2024-04-25T16:30:54.757-0500 INFO No active profile set, falling back to default profiles: default
2024-04-25T16:30:56.322-0500 INFO Started Zendeskfive9IvrApplication in 1.864 seconds (JVM running for 3.194)
2024-04-25T16:31:01.833-0500 INFO Starting Zendeskfive9IvrApplication using Java 21.0.2 on joel-ROG-Strix-G513QM-G513QM with PID 12258 (/home/joel/Documentos/zendeskfive9IVR/target/classes started by joel in /home/joel/Documentos/zendeskfive9IVR)
2024-04-25T16:31:01.834-0500 DEBUG Running with Spring Boot v2.4.0, Spring v5.3.1
2024-04-25T16:31:01.834-0500 INFO No active profile set, falling back to default profiles: default
2024-04-25T16:31:02.126-0500 INFO Started Zendeskfive9IvrApplication in 0.339 seconds (JVM running for 8.998)
2024-04-25T19:56:16.485-0500 INFO Starting Zendeskfive9IvrApplication using Java 17.0.6 on joel-ROG-Strix-G513QM-G513QM with PID 52754 (/home/joel/Documentos/zendeskfive9IVR/target/classes started by joel in /home/joel/Documentos/zendeskfive9IVR)
2024-04-25T19:56:16.489-0500 DEBUG Running with Spring Boot v2.4.0, Spring v5.3.1
2024-04-25T19:56:16.490-0500 INFO No active profile set, falling back to default profiles: default
2024-04-25T19:56:17.191-0500 INFO Started Zendeskfive9IvrApplication in 0.876 seconds (JVM running for 1.344)
2024-04-25T20:02:29.828-0500 INFO Starting Zendeskfive9IvrApplication using Java 17.0.6 on joel-ROG-Strix-G513QM-G513QM with PID 53237 (/home/joel/Documentos/zendeskfive9IVR/target/classes started by joel in /home/joel/Documentos/zendeskfive9IVR)
2024-04-25T20:02:29.832-0500 DEBUG Running with Spring Boot v2.4.0, Spring v5.3.1
2024-04-25T20:02:29.833-0500 INFO No active profile set, falling back to default profiles: default
2024-04-25T20:02:30.544-0500 INFO Started Zendeskfive9IvrApplication in 0.935 seconds (JVM running for 1.498)
2024-04-25T20:13:45.385-0500 INFO Starting Zendeskfive9IvrApplication using Java 17.0.6 on joel-ROG-Strix-G513QM-G513QM with PID 54074 (/home/joel/Documentos/zendeskfive9IVR/target/classes started by joel in /home/joel/Documentos/zendeskfive9IVR)
2024-04-25T20:13:45.389-0500 DEBUG Running with Spring Boot v2.4.0, Spring v5.3.1
2024-04-25T20:13:45.389-0500 INFO No active profile set, falling back to default profiles: default
2024-04-25T20:13:46.020-0500 INFO Started Zendeskfive9IvrApplication in 0.823 seconds (JVM running for 1.296)
2024-04-25T20:24:16.169-0500 INFO Starting Zendeskfive9IvrApplication using Java 17.0.6 on joel-ROG-Strix-G513QM-G513QM with PID 54791 (/home/joel/Documentos/zendeskfive9IVR/target/classes started by joel in /home/joel/Documentos/zendeskfive9IVR)
2024-04-25T20:24:16.174-0500 DEBUG Running with Spring Boot v2.4.0, Spring v5.3.1
2024-04-25T20:24:16.175-0500 INFO No active profile set, falling back to default profiles: default
2024-04-25T20:24:16.910-0500 INFO Started Zendeskfive9IvrApplication in 0.917 seconds (JVM running for 1.473)
2024-04-25T20:31:38.011-0500 INFO Starting Zendeskfive9IvrApplication using Java 17.0.6 on joel-ROG-Strix-G513QM-G513QM with PID 55137 (/home/joel/Documentos/zendeskfive9IVR/target/classes started by joel in /home/joel/Documentos/zendeskfive9IVR)
2024-04-25T20:31:38.015-0500 DEBUG Running with Spring Boot v2.4.0, Spring v5.3.1
2024-04-25T20:31:38.016-0500 INFO No active profile set, falling back to default profiles: default
2024-04-25T20:31:38.723-0500 INFO Started Zendeskfive9IvrApplication in 0.893 seconds (JVM running for 1.362)
2024-04-26T00:41:03.423-0500 INFO Starting Zendeskfive9IvrApplication using Java 17.0.6 on joel-ROG-Strix-G513QM-G513QM with PID 199701 (/home/joel/Documentos/zendeskfive9IVR/target/classes started by joel in /home/joel/Documentos/zendeskfive9IVR)
2024-04-26T00:41:03.428-0500 DEBUG Running with Spring Boot v2.4.0, Spring v5.3.1
2024-04-26T00:41:03.429-0500 INFO No active profile set, falling back to default profiles: default
2024-04-26T00:41:04.126-0500 INFO Started Zendeskfive9IvrApplication in 0.938 seconds (JVM running for 1.359)
2024-04-26T03:24:14.904-0500 INFO Starting Zendeskfive9IvrApplication using Java 17.0.6 on joel-ROG-Strix-G513QM-G513QM with PID 389035 (/home/joel/Documentos/zendeskfive9IVR/target/classes started by joel in /home/joel/Documentos/zendeskfive9IVR)
2024-04-26T03:24:14.908-0500 DEBUG Running with Spring Boot v2.4.0, Spring v5.3.1
2024-04-26T03:24:14.909-0500 INFO No active profile set, falling back to default profiles: default
2024-04-26T03:24:15.792-0500 INFO Started Zendeskfive9IvrApplication in 1.072 seconds (JVM running for 1.584)
2024-04-26T03:24:53.555-0500 INFO Starting Zendeskfive9IvrApplication using Java 17.0.6 on joel-ROG-Strix-G513QM-G513QM with PID 389885 (/home/joel/Documentos/zendeskfive9IVR/target/classes started by joel in /home/joel/Documentos/zendeskfive9IVR)
2024-04-26T03:24:53.559-0500 DEBUG Running with Spring Boot v2.4.0, Spring v5.3.1
2024-04-26T03:24:53.559-0500 INFO No active profile set, falling back to default profiles: default
2024-04-26T03:24:54.158-0500 INFO Started Zendeskfive9IvrApplication in 0.75 seconds (JVM running for 1.178)
2024-04-26T03:25:26.933-0500 INFO Starting Zendeskfive9IvrApplication using Java 17.0.6 on joel-ROG-Strix-G513QM-G513QM with PID 390715 (/home/joel/Documentos/zendeskfive9IVR/target/classes started by joel in /home/joel/Documentos/zendeskfive9IVR)
2024-04-26T03:25:26.937-0500 DEBUG Running with Spring Boot v2.4.0, Spring v5.3.1
2024-04-26T03:25:26.938-0500 INFO No active profile set, falling back to default profiles: default
2024-04-26T03:25:27.750-0500 INFO Started Zendeskfive9IvrApplication in 1.003 seconds (JVM running for 1.498)
2024-04-26T03:26:03.288-0500 INFO Starting Zendeskfive9IvrApplication using Java 17.0.6 on joel-ROG-Strix-G513QM-G513QM with PID 391871 (/home/joel/Documentos/zendeskfive9IVR/target/classes started by joel in /home/joel/Documentos/zendeskfive9IVR)
2024-04-26T03:26:03.292-0500 DEBUG Running with Spring Boot v2.4.0, Spring v5.3.1
2024-04-26T03:26:03.293-0500 INFO No active profile set, falling back to default profiles: default
2024-04-26T03:26:04.083-0500 INFO Started Zendeskfive9IvrApplication in 0.998 seconds (JVM running for 1.508)
2024-04-26T03:28:54.340-0500 INFO Starting Zendeskfive9IvrApplication using Java 17.0.6 on joel-ROG-Strix-G513QM-G513QM with PID 395551 (/home/joel/Documentos/zendeskfive9IVR/target/classes started by joel in /home/joel/Documentos/zendeskfive9IVR)
2024-04-26T03:28:54.345-0500 DEBUG Running with Spring Boot v2.4.0, Spring v5.3.1
2024-04-26T03:28:54.346-0500 INFO No active profile set, falling back to default profiles: default
2024-04-26T03:28:55.135-0500 INFO Started Zendeskfive9IvrApplication in 0.997 seconds (JVM running for 1.546)
2024-04-26T03:32:18.919-0500 INFO Starting Zendeskfive9IvrApplication using Java 21.0.2 on joel-ROG-Strix-G513QM-G513QM with PID 399531 (/home/joel/Documentos/zendeskfive9IVR/target/classes started by joel in /home/joel/Documentos/zendeskfive9IVR)
2024-04-26T03:32:18.926-0500 DEBUG Running with Spring Boot v2.4.0, Spring v5.3.1
2024-04-26T03:32:18.928-0500 INFO No active profile set, falling back to default profiles: default
2024-04-26T03:32:20.081-0500 INFO Started Zendeskfive9IvrApplication in 1.548 seconds (JVM running for 3.467)
2024-04-26T03:35:43.010-0500 INFO Starting Zendeskfive9IvrApplication using Java 21.0.2 on joel-ROG-Strix-G513QM-G513QM with PID 404310 (/home/joel/Documentos/zendeskfive9IVR/target/classes started by joel in /home/joel/Documentos/zendeskfive9IVR)
2024-04-26T03:35:43.016-0500 DEBUG Running with Spring Boot v2.4.0, Spring v5.3.1
2024-04-26T03:35:43.017-0500 INFO No active profile set, falling back to default profiles: default
2024-04-26T03:35:43.982-0500 INFO Started Zendeskfive9IvrApplication in 1.191 seconds (JVM running for 2.215)
2024-04-26T03:38:24.693-0500 INFO Starting Zendeskfive9IvrApplication using Java 17.0.6 on joel-ROG-Strix-G513QM-G513QM with PID 407935 (/home/joel/Documentos/zendeskfive9IVR/target/classes started by joel in /home/joel/Documentos/zendeskfive9IVR)
2024-04-26T03:38:24.699-0500 DEBUG Running with Spring Boot v2.4.0, Spring v5.3.1
2024-04-26T03:38:24.700-0500 INFO No active profile set, falling back to default profiles: default
2024-04-26T03:38:25.503-0500 INFO Started Zendeskfive9IvrApplication in 0.993 seconds (JVM running for 1.545)
2024-04-26T03:57:43.949-0500 INFO Starting Zendeskfive9IvrApplication using Java 17.0.6 on joel-ROG-Strix-G513QM-G513QM with PID 431231 (/home/joel/Documentos/zendeskfive9IVR/target/classes started by joel in /home/joel/Documentos/zendeskfive9IVR)
2024-04-26T03:57:43.953-0500 DEBUG Running with Spring Boot v2.4.0, Spring v5.3.1
2024-04-26T03:57:43.953-0500 INFO No active profile set, falling back to default profiles: default
2024-04-26T03:57:44.608-0500 INFO Started Zendeskfive9IvrApplication in 0.828 seconds (JVM running for 1.277)
2024-04-26T03:59:53.486-0500 INFO Starting Zendeskfive9IvrApplication using Java 17.0.6 on joel-ROG-Strix-G513QM-G513QM with PID 434050 (/home/joel/Documentos/zendeskfive9IVR/target/classes started by joel in /home/joel/Documentos/zendeskfive9IVR)
2024-04-26T03:59:53.490-0500 DEBUG Running with Spring Boot v2.4.0, Spring v5.3.1
2024-04-26T03:59:53.490-0500 INFO No active profile set, falling back to default profiles: default
2024-04-26T03:59:59.595-0500 INFO Starting Zendeskfive9IvrApplication using Java 17.0.6 on joel-ROG-Strix-G513QM-G513QM with PID 434151 (/home/joel/Documentos/zendeskfive9IVR/target/classes started by joel in /home/joel/Documentos/zendeskfive9IVR)
2024-04-26T03:59:59.599-0500 DEBUG Running with Spring Boot v2.4.0, Spring v5.3.1
2024-04-26T03:59:59.600-0500 INFO No active profile set, falling back to default profiles: default
2024-04-26T04:00:54.075-0500 INFO Starting Zendeskfive9IvrApplication using Java 17.0.6 on joel-ROG-Strix-G513QM-G513QM with PID 435740 (/home/joel/Documentos/zendeskfive9IVR/target/classes started by joel in /home/joel/Documentos/zendeskfive9IVR)
2024-04-26T04:00:54.079-0500 DEBUG Running with Spring Boot v2.4.0, Spring v5.3.1
2024-04-26T04:00:54.080-0500 INFO No active profile set, falling back to default profiles: default
2024-04-26T04:00:54.771-0500 INFO Started Zendeskfive9IvrApplication in 0.86 seconds (JVM running for 1.307)
2024-04-26T09:27:28.818-0500 INFO Starting Zendeskfive9IvrApplication using Java 17.0.6 on joel-ROG-Strix-G513QM-G513QM with PID 5622 (/home/joel/Documentos/zendeskfive9IVR/target/classes started by joel in /home/joel/Documentos/zendeskfive9IVR)
2024-04-26T09:27:28.821-0500 DEBUG Running with Spring Boot v2.4.0, Spring v5.3.1
2024-04-26T09:27:28.822-0500 INFO No active profile set, falling back to default profiles: default
2024-04-26T09:27:29.485-0500 INFO Started Zendeskfive9IvrApplication in 0.861 seconds (JVM running for 1.398)
2024-04-26T09:31:10.646-0500 INFO Starting Zendeskfive9IvrApplication using Java 17.0.6 on joel-ROG-Strix-G513QM-G513QM with PID 6682 (/home/joel/Documentos/zendeskfive9IVR/target/classes started by joel in /home/joel/Documentos/zendeskfive9IVR)
2024-04-26T09:31:10.654-0500 DEBUG Running with Spring Boot v2.4.0, Spring v5.3.1
2024-04-26T09:31:10.655-0500 INFO No active profile set, falling back to default profiles: default
2024-04-26T09:31:11.403-0500 INFO Started Zendeskfive9IvrApplication in 0.934 seconds (JVM running for 1.352)
2024-04-26T09:42:18.934-0500 INFO Starting Zendeskfive9IvrApplication using Java 17.0.6 on joel-ROG-Strix-G513QM-G513QM with PID 7827 (/home/joel/Documentos/zendeskfive9IVR/target/classes started by joel in /home/joel/Documentos/zendeskfive9IVR)
2024-04-26T09:42:18.937-0500 DEBUG Running with Spring Boot v2.4.0, Spring v5.3.1
2024-04-26T09:42:18.938-0500 INFO No active profile set, falling back to default profiles: default
2024-04-26T09:42:19.501-0500 INFO Started Zendeskfive9IvrApplication in 0.725 seconds (JVM running for 1.107)
2024-04-26T09:44:01.995-0500 INFO Starting Zendeskfive9IvrApplication using Java 17.0.6 on joel-ROG-Strix-G513QM-G513QM with PID 8029 (/home/joel/Documentos/zendeskfive9IVR/target/classes started by joel in /home/joel/Documentos/zendeskfive9IVR)
2024-04-26T09:44:01.999-0500 DEBUG Running with Spring Boot v2.4.0, Spring v5.3.1
2024-04-26T09:44:01.999-0500 INFO No active profile set, falling back to default profiles: default
2024-04-26T09:44:02.585-0500 INFO Started Zendeskfive9IvrApplication in 0.746 seconds (JVM running for 1.158)
2024-04-26T09:57:26.545-0500 INFO Starting Zendeskfive9IvrApplication using Java 17.0.6 on joel-ROG-Strix-G513QM-G513QM with PID 9269 (/home/joel/Documentos/zendeskfive9IVR/target/classes started by joel in /home/joel/Documentos/zendeskfive9IVR)
2024-04-26T09:57:26.549-0500 DEBUG Running with Spring Boot v2.4.0, Spring v5.3.1
2024-04-26T09:57:26.550-0500 INFO No active profile set, falling back to default profiles: default
2024-04-26T09:57:27.111-0500 INFO Started Zendeskfive9IvrApplication in 0.721 seconds (JVM running for 1.148)
2024-04-26T09:58:11.872-0500 INFO Starting Zendeskfive9IvrApplication using Java 17.0.6 on joel-ROG-Strix-G513QM-G513QM with PID 9473 (/home/joel/Documentos/zendeskfive9IVR/target/classes started by joel in /home/joel/Documentos/zendeskfive9IVR)
2024-04-26T09:58:11.875-0500 DEBUG Running with Spring Boot v2.4.0, Spring v5.3.1
2024-04-26T09:58:11.876-0500 INFO No active profile set, falling back to default profiles: default
2024-04-26T09:58:12.456-0500 INFO Started Zendeskfive9IvrApplication in 0.738 seconds (JVM running for 1.144)
2024-04-26T10:01:33.524-0500 INFO Starting Zendeskfive9IvrApplication using Java 17.0.6 on joel-ROG-Strix-G513QM-G513QM with PID 9859 (/home/joel/Documentos/zendeskfive9IVR/target/classes started by joel in /home/joel/Documentos/zendeskfive9IVR)
2024-04-26T10:01:33.527-0500 DEBUG Running with Spring Boot v2.4.0, Spring v5.3.1
2024-04-26T10:01:33.528-0500 INFO No active profile set, falling back to default profiles: default
2024-04-26T10:01:34.095-0500 INFO Started Zendeskfive9IvrApplication in 0.739 seconds (JVM running for 1.128)
2024-04-26T10:02:34.205-0500 INFO Starting Zendeskfive9IvrApplication using Java 17.0.6 on joel-ROG-Strix-G513QM-G513QM with PID 10112 (/home/joel/Documentos/zendeskfive9IVR/target/classes started by joel in /home/joel/Documentos/zendeskfive9IVR)
2024-04-26T10:02:34.208-0500 DEBUG Running with Spring Boot v2.4.0, Spring v5.3.1
2024-04-26T10:02:34.209-0500 INFO No active profile set, falling back to default profiles: default
2024-04-26T10:02:34.753-0500 INFO Started Zendeskfive9IvrApplication in 0.714 seconds (JVM running for 1.097)
2024-04-26T10:03:31.624-0500 INFO Starting Zendeskfive9IvrApplication using Java 21.0.2 on joel-ROG-Strix-G513QM-G513QM with PID 10348 (/home/joel/Documentos/zendeskfive9IVR/target/classes started by joel in /home/joel/Documentos/zendeskfive9IVR)
2024-04-26T10:03:31.627-0500 DEBUG Running with Spring Boot v2.4.0, Spring v5.3.1
2024-04-26T10:03:31.628-0500 INFO No active profile set, falling back to default profiles: default
2024-04-26T10:03:32.349-0500 INFO Started Zendeskfive9IvrApplication in 0.911 seconds (JVM running for 2.054)
2024-04-26T10:03:35.897-0500 INFO Starting Zendeskfive9IvrApplication using Java 21.0.2 on joel-ROG-Strix-G513QM-G513QM with PID 10348 (/home/joel/Documentos/zendeskfive9IVR/target/classes started by joel in /home/joel/Documentos/zendeskfive9IVR)
2024-04-26T10:03:35.897-0500 DEBUG Running with Spring Boot v2.4.0, Spring v5.3.1
2024-04-26T10:03:35.898-0500 INFO No active profile set, falling back to default profiles: default
2024-04-26T10:03:36.035-0500 INFO Started Zendeskfive9IvrApplication in 0.179 seconds (JVM running for 5.739)
2024-04-26T10:10:02.581-0500 INFO Starting Zendeskfive9IvrApplication using Java 17.0.6 on joel-ROG-Strix-G513QM-G513QM with PID 11149 (/home/joel/Documentos/zendeskfive9IVR/target/classes started by joel in /home/joel/Documentos/zendeskfive9IVR)
2024-04-26T10:10:02.584-0500 DEBUG Running with Spring Boot v2.4.0, Spring v5.3.1
2024-04-26T10:10:02.585-0500 INFO No active profile set, falling back to default profiles: default
2024-04-26T10:10:03.203-0500 INFO Started Zendeskfive9IvrApplication in 0.79 seconds (JVM running for 1.222)
2024-04-26T10:10:12.314-0500 INFO Starting Zendeskfive9IvrApplication using Java 21.0.2 on joel-ROG-Strix-G513QM-G513QM with PID 11257 (/home/joel/Documentos/zendeskfive9IVR/target/classes started by joel in /home/joel/Documentos/zendeskfive9IVR)
2024-04-26T10:10:12.320-0500 DEBUG Running with Spring Boot v2.4.0, Spring v5.3.1
2024-04-26T10:10:12.321-0500 INFO No active profile set, falling back to default profiles: default
2024-04-26T10:10:12.985-0500 INFO Started Zendeskfive9IvrApplication in 0.828 seconds (JVM running for 1.471)
2024-04-26T10:10:16.496-0500 INFO Starting Zendeskfive9IvrApplication using Java 21.0.2 on joel-ROG-Strix-G513QM-G513QM with PID 11257 (/home/joel/Documentos/zendeskfive9IVR/target/classes started by joel in /home/joel/Documentos/zendeskfive9IVR)
2024-04-26T10:10:16.497-0500 DEBUG Running with Spring Boot v2.4.0, Spring v5.3.1
2024-04-26T10:10:16.497-0500 INFO No active profile set, falling back to default profiles: default
2024-04-26T10:10:16.642-0500 INFO Started Zendeskfive9IvrApplication in 0.169 seconds (JVM running for 5.128)
2024-04-26T10:10:20.237-0500 INFO Starting Zendeskfive9IvrApplication using Java 21.0.2 on joel-ROG-Strix-G513QM-G513QM with PID 11257 (/home/joel/Documentos/zendeskfive9IVR/target/classes started by joel in /home/joel/Documentos/zendeskfive9IVR)
2024-04-26T10:10:20.238-0500 DEBUG Running with Spring Boot v2.4.0, Spring v5.3.1
2024-04-26T10:10:20.239-0500 INFO No active profile set, falling back to default profiles: default
2024-04-26T10:10:20.359-0500 INFO Started Zendeskfive9IvrApplication in 0.155 seconds (JVM running for 8.846)
2024-04-26T10:10:46.044-0500 INFO Starting Zendeskfive9IvrApplication using Java 17.0.6 on joel-ROG-Strix-G513QM-G513QM with PID 11693 (/home/joel/Documentos/zendeskfive9IVR/target/classes started by joel in /home/joel/Documentos/zendeskfive9IVR)
2024-04-26T10:10:46.047-0500 DEBUG Running with Spring Boot v2.4.0, Spring v5.3.1
2024-04-26T10:10:46.048-0500 INFO No active profile set, falling back to default profiles: default
2024-04-26T10:10:46.614-0500 INFO Started Zendeskfive9IvrApplication in 0.729 seconds (JVM running for 1.129)
2024-04-26T10:20:53.194-0500 INFO Starting Zendeskfive9IvrApplication using Java 17.0.6 on joel-ROG-Strix-G513QM-G513QM with PID 13313 (/home/joel/Documentos/zendeskfive9IVR/target/classes started by joel in /home/joel/Documentos/zendeskfive9IVR)
2024-04-26T10:20:53.197-0500 DEBUG Running with Spring Boot v2.4.0, Spring v5.3.1
2024-04-26T10:20:53.198-0500 INFO No active profile set, falling back to default profiles: default
2024-04-26T10:20:53.787-0500 INFO Started Zendeskfive9IvrApplication in 0.733 seconds (JVM running for 1.128)
2024-04-26T10:29:33.373-0500 INFO Starting Zendeskfive9IvrApplication using Java 17.0.6 on joel-ROG-Strix-G513QM-G513QM with PID 14028 (/home/joel/Documentos/zendeskfive9IVR/target/classes started by joel in /home/joel/Documentos/zendeskfive9IVR)
2024-04-26T10:29:33.376-0500 DEBUG Running with Spring Boot v2.4.0, Spring v5.3.1
2024-04-26T10:29:33.377-0500 INFO No active profile set, falling back to default profiles: default
2024-04-26T10:29:33.934-0500 INFO Started Zendeskfive9IvrApplication in 0.716 seconds (JVM running for 1.112)
2024-04-26T10:29:52.096-0500 INFO Starting Zendeskfive9IvrApplication using Java 17.0.6 on joel-ROG-Strix-G513QM-G513QM with PID 14185 (/home/joel/Documentos/zendeskfive9IVR/target/classes started by joel in /home/joel/Documentos/zendeskfive9IVR)
2024-04-26T10:29:52.100-0500 DEBUG Running with Spring Boot v2.4.0, Spring v5.3.1
2024-04-26T10:29:52.101-0500 INFO No active profile set, falling back to default profiles: default
2024-04-26T10:29:52.777-0500 INFO Started Zendeskfive9IvrApplication in 0.827 seconds (JVM running for 1.227)
2024-04-26T10:30:30.088-0500 INFO Starting Zendeskfive9IvrApplication using Java 17.0.6 on joel-ROG-Strix-G513QM-G513QM with PID 14429 (/home/joel/Documentos/zendeskfive9IVR/target/classes started by joel in /home/joel/Documentos/zendeskfive9IVR)
2024-04-26T10:30:30.092-0500 DEBUG Running with Spring Boot v2.4.0, Spring v5.3.1
2024-04-26T10:30:30.092-0500 INFO No active profile set, falling back to default profiles: default
2024-04-26T10:30:30.664-0500 INFO Started Zendeskfive9IvrApplication in 0.739 seconds (JVM running for 1.127)
2024-04-26T10:42:13.425-0500 INFO Starting Zendeskfive9IvrApplication using Java 17.0.6 on joel-ROG-Strix-G513QM-G513QM with PID 15165 (/home/joel/Documentos/zendeskfive9IVR/target/classes started by joel in /home/joel/Documentos/zendeskfive9IVR)
2024-04-26T10:42:13.429-0500 DEBUG Running with Spring Boot v2.4.0, Spring v5.3.1
2024-04-26T10:42:13.429-0500 INFO No active profile set, falling back to default profiles: default
2024-04-26T10:42:14.043-0500 INFO Started Zendeskfive9IvrApplication in 0.762 seconds (JVM running for 1.176)
2024-04-26T10:42:46.271-0500 INFO Starting Zendeskfive9IvrApplication using Java 17.0.6 on joel-ROG-Strix-G513QM-G513QM with PID 15469 (/home/joel/Documentos/zendeskfive9IVR/target/classes started by joel in /home/joel/Documentos/zendeskfive9IVR)
2024-04-26T10:42:46.275-0500 DEBUG Running with Spring Boot v2.4.0, Spring v5.3.1
2024-04-26T10:42:46.276-0500 INFO No active profile set, falling back to default profiles: default
2024-04-26T10:42:46.958-0500 INFO Started Zendeskfive9IvrApplication in 0.852 seconds (JVM running for 1.304)
2024-04-26T10:55:35.319-0500 INFO Starting Zendeskfive9IvrApplication using Java 17.0.6 on joel-ROG-Strix-G513QM-G513QM with PID 16925 (/home/joel/Documentos/zendeskfive9IVR/target/classes started by joel in /home/joel/Documentos/zendeskfive9IVR)
2024-04-26T10:55:35.323-0500 DEBUG Running with Spring Boot v2.4.0, Spring v5.3.1
2024-04-26T10:55:35.324-0500 INFO No active profile set, falling back to default profiles: default
2024-04-26T10:55:35.943-0500 INFO Started Zendeskfive9IvrApplication in 0.77 seconds (JVM running for 1.178)
2024-04-26T10:56:10.527-0500 INFO Starting Zendeskfive9IvrApplication using Java 17.0.6 on joel-ROG-Strix-G513QM-G513QM with PID 17172 (/home/joel/Documentos/zendeskfive9IVR/target/classes started by joel in /home/joel/Documentos/zendeskfive9IVR)
2024-04-26T10:56:10.530-0500 DEBUG Running with Spring Boot v2.4.0, Spring v5.3.1
2024-04-26T10:56:10.531-0500 INFO No active profile set, falling back to default profiles: default
2024-04-26T10:56:11.160-0500 INFO Started Zendeskfive9IvrApplication in 0.78 seconds (JVM running for 1.197)
2024-04-26T11:00:24.896-0500 INFO Starting Zendeskfive9IvrApplication using Java 17.0.6 on joel-ROG-Strix-G513QM-G513QM with PID 17613 (/home/joel/Documentos/zendeskfive9IVR/target/classes started by joel in /home/joel/Documentos/zendeskfive9IVR)
2024-04-26T11:00:24.899-0500 DEBUG Running with Spring Boot v2.4.0, Spring v5.3.1
2024-04-26T11:00:24.900-0500 INFO No active profile set, falling back to default profiles: default
2024-04-26T11:00:25.504-0500 INFO Started Zendeskfive9IvrApplication in 0.761 seconds (JVM running for 1.166)
2024-04-26T11:07:01.447-0500 INFO Starting Zendeskfive9IvrApplication using Java 17.0.6 on joel-ROG-Strix-G513QM-G513QM with PID 18401 (/home/joel/Documentos/zendeskfive9IVR/target/classes started by joel in /home/joel/Documentos/zendeskfive9IVR)
2024-04-26T11:07:01.450-0500 DEBUG Running with Spring Boot v2.4.0, Spring v5.3.1
2024-04-26T11:07:01.451-0500 INFO No active profile set, falling back to default profiles: default
2024-04-26T11:07:02.134-0500 INFO Started Zendeskfive9IvrApplication in 0.841 seconds (JVM running for 1.308)
2024-04-26T11:07:48.285-0500 INFO Starting Zendeskfive9IvrApplication using Java 17.0.6 on joel-ROG-Strix-G513QM-G513QM with PID 18600 (/home/joel/Documentos/zendeskfive9IVR/target/classes started by joel in /home/joel/Documentos/zendeskfive9IVR)
2024-04-26T11:07:48.289-0500 DEBUG Running with Spring Boot v2.4.0, Spring v5.3.1
2024-04-26T11:07:48.290-0500 INFO No active profile set, falling back to default profiles: default
2024-04-26T11:07:48.943-0500 INFO Started Zendeskfive9IvrApplication in 0.811 seconds (JVM running for 1.247)
2024-04-26T11:17:07.498-0500 INFO Starting Zendeskfive9IvrApplication using Java 17.0.6 on joel-ROG-Strix-G513QM-G513QM with PID 19230 (/home/joel/Documentos/zendeskfive9IVR/target/classes started by joel in /home/joel/Documentos/zendeskfive9IVR)
2024-04-26T11:17:07.501-0500 DEBUG Running with Spring Boot v2.4.0, Spring v5.3.1
2024-04-26T11:17:07.502-0500 INFO No active profile set, falling back to default profiles: default
2024-04-26T11:17:08.173-0500 INFO Started Zendeskfive9IvrApplication in 0.83 seconds (JVM running for 1.27)
2024-04-26T11:19:21.168-0500 INFO Starting Zendeskfive9IvrApplication using Java 17.0.6 on joel-ROG-Strix-G513QM-G513QM with PID 19526 (/home/joel/Documentos/zendeskfive9IVR/target/classes started by joel in /home/joel/Documentos/zendeskfive9IVR)
2024-04-26T11:19:21.171-0500 DEBUG Running with Spring Boot v2.4.0, Spring v5.3.1
2024-04-26T11:19:21.172-0500 INFO No active profile set, falling back to default profiles: default
2024-04-26T11:19:21.832-0500 INFO Started Zendeskfive9IvrApplication in 0.825 seconds (JVM running for 1.256)
2024-04-26T11:19:33.151-0500 INFO Starting Zendeskfive9IvrApplication using Java 17.0.6 on joel-ROG-Strix-G513QM-G513QM with PID 19661 (/home/joel/Documentos/zendeskfive9IVR/target/classes started by joel in /home/joel/Documentos/zendeskfive9IVR)
2024-04-26T11:19:33.155-0500 DEBUG Running with Spring Boot v2.4.0, Spring v5.3.1
2024-04-26T11:19:33.156-0500 INFO No active profile set, falling back to default profiles: default
2024-04-26T11:19:33.809-0500 INFO Started Zendeskfive9IvrApplication in 0.815 seconds (JVM running for 1.26)
2024-04-26T11:27:39.043-0500 INFO Starting Zendeskfive9IvrApplication using Java 17.0.6 on joel-ROG-Strix-G513QM-G513QM with PID 20394 (/home/joel/Documentos/zendeskfive9IVR/target/classes started by joel in /home/joel/Documentos/zendeskfive9IVR)
2024-04-26T11:27:39.046-0500 DEBUG Running with Spring Boot v2.4.0, Spring v5.3.1
2024-04-26T11:27:39.047-0500 INFO No active profile set, falling back to default profiles: default
2024-04-26T11:27:39.771-0500 INFO Started Zendeskfive9IvrApplication in 0.875 seconds (JVM running for 1.298)
2024-04-26T11:28:21.296-0500 INFO Starting Zendeskfive9IvrApplication using Java 17.0.6 on joel-ROG-Strix-G513QM-G513QM with PID 20652 (/home/joel/Documentos/zendeskfive9IVR/target/classes started by joel in /home/joel/Documentos/zendeskfive9IVR)
2024-04-26T11:28:21.300-0500 DEBUG Running with Spring Boot v2.4.0, Spring v5.3.1
2024-04-26T11:28:21.301-0500 INFO No active profile set, falling back to default profiles: default
2024-04-26T11:28:21.952-0500 INFO Started Zendeskfive9IvrApplication in 0.818 seconds (JVM running for 1.264)
2024-04-26T12:17:02.091-0500 INFO Starting Zendeskfive9IvrApplication using Java 17.0.6 on joel-ROG-Strix-G513QM-G513QM with PID 24181 (/home/joel/Documentos/zendeskfive9IVR/target/classes started by joel in /home/joel/Documentos/zendeskfive9IVR)
2024-04-26T12:17:02.094-0500 DEBUG Running with Spring Boot v2.4.0, Spring v5.3.1
2024-04-26T12:17:02.095-0500 INFO No active profile set, falling back to default profiles: default
2024-04-26T12:17:02.772-0500 INFO Started Zendeskfive9IvrApplication in 0.843 seconds (JVM running for 1.261)
2024-04-26T12:17:27.099-0500 INFO Starting Zendeskfive9IvrApplication using Java 17.0.6 on joel-ROG-Strix-G513QM-G513QM with PID 24366 (/home/joel/Documentos/zendeskfive9IVR/target/classes started by joel in /home/joel/Documentos/zendeskfive9IVR)
2024-04-26T12:17:27.102-0500 DEBUG Running with Spring Boot v2.4.0, Spring v5.3.1
2024-04-26T12:17:27.103-0500 INFO No active profile set, falling back to default profiles: default
2024-04-26T12:17:27.703-0500 INFO Started Zendeskfive9IvrApplication in 0.758 seconds (JVM running for 1.153)
2024-04-26T12:28:46.806-0500 INFO Starting Zendeskfive9IvrApplication using Java 17.0.6 on joel-ROG-Strix-G513QM-G513QM with PID 25059 (/home/joel/Documentos/zendeskfive9IVR/target/classes started by joel in /home/joel/Documentos/zendeskfive9IVR)
2024-04-26T12:28:46.809-0500 DEBUG Running with Spring Boot v2.4.0, Spring v5.3.1
2024-04-26T12:28:46.810-0500 INFO No active profile set, falling back to default profiles: default
2024-04-26T12:28:47.562-0500 INFO Started Zendeskfive9IvrApplication in 0.901 seconds (JVM running for 1.334)
2024-04-26T12:30:50.224-0500 INFO Starting Zendeskfive9IvrApplication using Java 17.0.6 on joel-ROG-Strix-G513QM-G513QM with PID 25381 (/home/joel/Documentos/zendeskfive9IVR/target/classes started by joel in /home/joel/Documentos/zendeskfive9IVR)
2024-04-26T12:30:50.227-0500 DEBUG Running with Spring Boot v2.4.0, Spring v5.3.1
2024-04-26T12:30:50.228-0500 INFO No active profile set, falling back to default profiles: default
2024-04-26T12:30:51.000-0500 INFO Started Zendeskfive9IvrApplication in 0.927 seconds (JVM running for 1.377)
2024-04-26T12:31:19.186-0500 INFO Starting Zendeskfive9IvrApplication using Java 17.0.6 on joel-ROG-Strix-G513QM-G513QM with PID 25541 (/home/joel/Documentos/zendeskfive9IVR/target/classes started by joel in /home/joel/Documentos/zendeskfive9IVR)
2024-04-26T12:31:19.191-0500 DEBUG Running with Spring Boot v2.4.0, Spring v5.3.1
2024-04-26T12:31:19.191-0500 INFO No active profile set, falling back to default profiles: default
2024-04-26T12:31:19.835-0500 INFO Started Zendeskfive9IvrApplication in 0.798 seconds (JVM running for 1.233)
2024-04-26T12:43:26.301-0500 INFO Starting Zendeskfive9IvrApplication using Java 17.0.6 on joel-ROG-Strix-G513QM-G513QM with PID 26187 (/home/joel/Documentos/zendeskfive9IVR/target/classes started by joel in /home/joel/Documentos/zendeskfive9IVR)
2024-04-26T12:43:26.306-0500 DEBUG Running with Spring Boot v2.4.0, Spring v5.3.1
2024-04-26T12:43:26.307-0500 INFO No active profile set, falling back to default profiles: default
2024-04-26T12:43:27.358-0500 INFO Started Zendeskfive9IvrApplication in 1.307 seconds (JVM running for 1.869)
2024-04-26T12:46:21.515-0500 INFO Starting Zendeskfive9IvrApplication using Java 17.0.6 on joel-ROG-Strix-G513QM-G513QM with PID 26522 (/home/joel/Documentos/zendeskfive9IVR/target/classes started by joel in /home/joel/Documentos/zendeskfive9IVR)
2024-04-26T12:46:21.518-0500 DEBUG Running with Spring Boot v2.4.0, Spring v5.3.1
2024-04-26T12:46:21.519-0500 INFO No active profile set, falling back to default profiles: default
2024-04-26T12:46:22.162-0500 INFO Started Zendeskfive9IvrApplication in 0.801 seconds (JVM running for 1.215)
2024-04-26T13:00:43.796-0500 INFO Starting Zendeskfive9IvrApplication using Java 17.0.6 on joel-ROG-Strix-G513QM-G513QM with PID 27831 (/home/joel/Documentos/zendeskfive9IVR/target/classes started by joel in /home/joel/Documentos/zendeskfive9IVR)
2024-04-26T13:00:43.802-0500 DEBUG Running with Spring Boot v2.4.0, Spring v5.3.1
2024-04-26T13:00:43.803-0500 INFO No active profile set, falling back to default profiles: default
2024-04-26T13:00:44.477-0500 INFO Started Zendeskfive9IvrApplication in 0.855 seconds (JVM running for 1.323)
2024-04-26T13:01:48.396-0500 INFO Starting Zendeskfive9IvrApplication using Java 17.0.6 on joel-ROG-Strix-G513QM-G513QM with PID 28091 (/home/joel/Documentos/zendeskfive9IVR/target/classes started by joel in /home/joel/Documentos/zendeskfive9IVR)
2024-04-26T13:01:48.400-0500 DEBUG Running with Spring Boot v2.4.0, Spring v5.3.1
2024-04-26T13:01:48.401-0500 INFO No active profile set, falling back to default profiles: default
2024-04-26T13:01:49.180-0500 INFO Started Zendeskfive9IvrApplication in 0.971 seconds (JVM running for 1.494)
2024-04-26T13:04:03.001-0500 INFO Starting Zendeskfive9IvrApplication using Java 17.0.6 on joel-ROG-Strix-G513QM-G513QM with PID 28396 (/home/joel/Documentos/zendeskfive9IVR/target/classes started by joel in /home/joel/Documentos/zendeskfive9IVR)
2024-04-26T13:04:03.006-0500 DEBUG Running with Spring Boot v2.4.0, Spring v5.3.1
2024-04-26T13:04:03.007-0500 INFO No active profile set, falling back to default profiles: default
2024-04-26T13:04:03.690-0500 INFO Started Zendeskfive9IvrApplication in 0.859 seconds (JVM running for 1.334)
