2024-04-24 09:17:17.487  INFO joel-ROG-Strix-G513QM-G513QM --- [  restartedMain] c.i.z.Zendeskfive9IvrApplication         : Starting Zendeskfive9IvrApplication using Java 17.0.6 on joel-ROG-Strix-G513QM-G513QM with PID 13584 (/home/joel/Documentos/zendeskfive9IVR/target/classes started by joel in /home/joel/Documentos/zendeskfive9IVR)
2024-04-24 09:17:17.493  INFO joel-ROG-Strix-G513QM-G513QM --- [  restartedMain] c.i.z.Zendeskfive9IvrApplication         : No active profile set, falling back to default profiles: default
2024-04-24 09:17:17.516  INFO joel-ROG-Strix-G513QM-G513QM --- [  restartedMain] .e.DevToolsPropertyDefaultsPostProcessor : Devtools property defaults active! Set 'spring.devtools.add-properties' to 'false' to disable
2024-04-24 09:17:17.517  INFO joel-ROG-Strix-G513QM-G513QM --- [  restartedMain] .e.DevToolsPropertyDefaultsPostProcessor : For additional web related logging consider setting the 'logging.level.web' property to 'DEBUG'
2024-04-24 09:17:17.935  INFO joel-ROG-Strix-G513QM-G513QM --- [  restartedMain] o.s.b.w.e.t.TomcatWebServer              : Tomcat initialized with port(s): 8080 (http)
2024-04-24 09:17:17.944  INFO joel-ROG-Strix-G513QM-G513QM --- [  restartedMain] o.a.c.h.Http11NioProtocol                : Initializing ProtocolHandler ["http-nio-8080"]
2024-04-24 09:17:17.944  INFO joel-ROG-Strix-G513QM-G513QM --- [  restartedMain] o.a.c.c.StandardService                  : Starting service [Tomcat]
2024-04-24 09:17:17.945  INFO joel-ROG-Strix-G513QM-G513QM --- [  restartedMain] o.a.c.c.StandardEngine                   : Starting Servlet engine: [Apache Tomcat/9.0.39]
2024-04-24 09:17:17.974  INFO joel-ROG-Strix-G513QM-G513QM --- [  restartedMain] o.a.c.c.C.[.[.[/]                        : Initializing Spring embedded WebApplicationContext
2024-04-24 09:17:17.974  INFO joel-ROG-Strix-G513QM-G513QM --- [  restartedMain] w.s.c.ServletWebServerApplicationContext : Root WebApplicationContext: initialization completed in 457 ms
2024-04-24 09:17:18.060  INFO joel-ROG-Strix-G513QM-G513QM --- [  restartedMain] o.s.s.c.ThreadPoolTaskExecutor           : Initializing ExecutorService 'applicationTaskExecutor'
2024-04-24 09:17:18.144  INFO joel-ROG-Strix-G513QM-G513QM --- [  restartedMain] o.s.b.d.a.OptionalLiveReloadServer       : LiveReload server is running on port 35729
2024-04-24 09:17:18.150  INFO joel-ROG-Strix-G513QM-G513QM --- [  restartedMain] o.a.c.h.Http11NioProtocol                : Starting ProtocolHandler ["http-nio-8080"]
2024-04-24 09:17:18.162  INFO joel-ROG-Strix-G513QM-G513QM --- [  restartedMain] o.s.b.w.e.t.TomcatWebServer              : Tomcat started on port(s): 8080 (http) with context path ''
2024-04-24 09:17:18.168  INFO joel-ROG-Strix-G513QM-G513QM --- [  restartedMain] c.i.z.Zendeskfive9IvrApplication         : Started Zendeskfive9IvrApplication in 0.869 seconds (JVM running for 1.266)
2024-04-24 09:17:18.499  INFO joel-ROG-Strix-G513QM-G513QM --- [extShutdownHook] o.s.s.c.ThreadPoolTaskExecutor           : Shutting down ExecutorService 'applicationTaskExecutor'
2024-04-24 09:18:51.481  INFO joel-ROG-Strix-G513QM-G513QM --- [  restartedMain] c.i.z.Zendeskfive9IvrApplication         : Starting Zendeskfive9IvrApplication using Java 17.0.6 on joel-ROG-Strix-G513QM-G513QM with PID 13872 (/home/joel/Documentos/zendeskfive9IVR/target/classes started by joel in /home/joel/Documentos/zendeskfive9IVR)
2024-04-24 09:18:51.484 DEBUG joel-ROG-Strix-G513QM-G513QM --- [  restartedMain] c.i.z.Zendeskfive9IvrApplication         : Running with Spring Boot v2.4.0, Spring v5.3.1
2024-04-24 09:18:51.484  INFO joel-ROG-Strix-G513QM-G513QM --- [  restartedMain] c.i.z.Zendeskfive9IvrApplication         : No active profile set, falling back to default profiles: default
2024-04-24 09:18:51.504  INFO joel-ROG-Strix-G513QM-G513QM --- [  restartedMain] .e.DevToolsPropertyDefaultsPostProcessor : Devtools property defaults active! Set 'spring.devtools.add-properties' to 'false' to disable
2024-04-24 09:18:51.504  INFO joel-ROG-Strix-G513QM-G513QM --- [  restartedMain] .e.DevToolsPropertyDefaultsPostProcessor : For additional web related logging consider setting the 'logging.level.web' property to 'DEBUG'
2024-04-24 09:18:51.854  INFO joel-ROG-Strix-G513QM-G513QM --- [  restartedMain] o.s.b.w.e.t.TomcatWebServer              : Tomcat initialized with port(s): 8080 (http)
2024-04-24 09:18:51.862  INFO joel-ROG-Strix-G513QM-G513QM --- [  restartedMain] o.a.c.h.Http11NioProtocol                : Initializing ProtocolHandler ["http-nio-8080"]
2024-04-24 09:18:51.863  INFO joel-ROG-Strix-G513QM-G513QM --- [  restartedMain] o.a.c.c.StandardService                  : Starting service [Tomcat]
2024-04-24 09:18:51.863  INFO joel-ROG-Strix-G513QM-G513QM --- [  restartedMain] o.a.c.c.StandardEngine                   : Starting Servlet engine: [Apache Tomcat/9.0.39]
2024-04-24 09:18:51.888  INFO joel-ROG-Strix-G513QM-G513QM --- [  restartedMain] o.a.c.c.C.[.[.[/]                        : Initializing Spring embedded WebApplicationContext
2024-04-24 09:18:51.888  INFO joel-ROG-Strix-G513QM-G513QM --- [  restartedMain] w.s.c.ServletWebServerApplicationContext : Root WebApplicationContext: initialization completed in 383 ms
2024-04-24 09:18:51.965  INFO joel-ROG-Strix-G513QM-G513QM --- [  restartedMain] o.s.s.c.ThreadPoolTaskExecutor           : Initializing ExecutorService 'applicationTaskExecutor'
2024-04-24 09:18:52.048  INFO joel-ROG-Strix-G513QM-G513QM --- [  restartedMain] o.s.b.d.a.OptionalLiveReloadServer       : LiveReload server is running on port 35729
2024-04-24 09:18:52.054  INFO joel-ROG-Strix-G513QM-G513QM --- [  restartedMain] o.a.c.h.Http11NioProtocol                : Starting ProtocolHandler ["http-nio-8080"]
2024-04-24 09:18:52.060  INFO joel-ROG-Strix-G513QM-G513QM --- [  restartedMain] o.s.b.w.e.t.TomcatWebServer              : Tomcat started on port(s): 8080 (http) with context path ''
2024-04-24 09:18:52.066  INFO joel-ROG-Strix-G513QM-G513QM --- [  restartedMain] c.i.z.Zendeskfive9IvrApplication         : Started Zendeskfive9IvrApplication in 0.729 seconds (JVM running for 1.113)
2024-04-24 09:19:02.071  INFO joel-ROG-Strix-G513QM-G513QM --- [nio-8080-exec-2] o.a.c.c.C.[.[.[/]                        : Initializing Spring DispatcherServlet 'dispatcherServlet'
2024-04-24 09:19:02.071  INFO joel-ROG-Strix-G513QM-G513QM --- [nio-8080-exec-2] o.s.w.s.DispatcherServlet                : Initializing Servlet 'dispatcherServlet'
2024-04-24 09:19:02.072  INFO joel-ROG-Strix-G513QM-G513QM --- [nio-8080-exec-2] o.s.w.s.DispatcherServlet                : Completed initialization in 1 ms
2024-04-24 09:19:02.578  INFO joel-ROG-Strix-G513QM-G513QM --- [nio-8080-exec-2] c.i.z.s.ZendeskService                   : Traze message in API extern list Zendesk  [] <200,{"items":[{"data":{"id":2193946911,"owner_id":5659584,"first_name":"Lead IVR","last_name":"Lead IVR","source_id":null,"unqualified_reason_id":null,"created_at":"2024-04-24T11:01:52Z","updated_at":"2024-04-24T11:01:52Z","twitter":null,"phone":null,"mobile":"926907418","facebook":null,"email":null,"title":null,"skype":null,"linkedin":null,"description":"Lead Ingresado por IVR","industry":null,"fax":null,"website":null,"address":{"line1":null,"city":null,"postal_code":null,"state":null,"country":null},"status":"New","creator_id":5659584,"organization_name":null,"tags":["ivr lead"],"custom_fields":{"Nro Documento":"72892458","Tipo Documento":"DNI"}},"meta":{"version":1,"type":"lead"}}],"meta":{"type":"collection","count":1,"links":{"self":"https://api.getbase.com/v2/leads?custom_fields%5BNro+Documento%5D=72892458\u0026page=1\u0026per_page=25"}}},[Date:"Wed, 24 Apr 2024 14:19:02 GMT", Content-Type:"application/json; charset=utf-8", Transfer-Encoding:"chunked", Connection:"keep-alive", x-frame-options:"SAMEORIGIN", x-xss-protection:"1; mode=block", x-content-type-options:"nosniff", x-download-options:"noopen", x-permitted-cross-domain-policies:"none", referrer-policy:"strict-origin-when-cross-origin", x-operation-id:"b574c282-8fb7-4f5a-82d4-9f535e4eaa3d", etag:"W/"1b82539a1e7baa8013c4482b6b293de5"", cache-control:"private, no-store", x-runtime:"0.049828", x-envoy-upstream-service-time:"82", x-infrastructure-source-dmz:"true", x-infrastructure-source-sell:"false", x-geoip-country-code:"PE", x-geoip-region-code:"LMA", x-internal-latency:"0.056", X-Zendesk-Zorg:"yes", X-Request-ID:"8796b9dbaac46df8-LIM", CF-Cache-Status:"DYNAMIC", Report-To:"{"endpoints":[{"url":"https:\/\/a.nel.cloudflare.com\/report\/v4?s=uKhQiSv01HYhLZpZx8XgayF8sYQm6JTQfBObCl%2BL2xbcdMjkApV7kNF20l71T063sU7zLcTUeJ0%2FOsOjFR67GYN4FjwjakLtCSC1KYtWXNj2nBurDU0q6M4kv9nfyPodYQ%3D%3D"}],"group":"cf-nel","max_age":604800}", NEL:"{"success_fraction":0.01,"report_to":"cf-nel","max_age":604800}", Server:"cloudflare", CF-RAY:"8796b9dbaac46df8-LIM"]>
2024-04-24 09:19:02.846  INFO joel-ROG-Strix-G513QM-G513QM --- [nio-8080-exec-2] c.i.z.c.ZendeskController                : Info message []  [{"data":{"id":2193946911,"owner_id":5659584,"first_name":"Lead IVR","last_name":"Lead IVR","source_id":null,"unqualified_reason_id":null,"created_at":"2024-04-24T11:01:52Z","updated_at":"2024-04-24T11:01:52Z","twitter":null,"phone":null,"mobile":"926907418","facebook":null,"email":null,"title":null,"skype":null,"linkedin":null,"description":"Lead Ingresado por IVR","industry":null,"fax":null,"website":null,"address":{"line1":null,"city":null,"postal_code":null,"state":null,"country":null},"status":"New","creator_id":5659584,"organization_name":null,"tags":["ivr lead"],"custom_fields":{"Nro Documento":"72892458","Tipo Documento":"DNI"}},"meta":{"version":1,"type":"lead"}}]
2024-04-24 09:19:02.847  INFO joel-ROG-Strix-G513QM-G513QM --- [nio-8080-exec-2] c.i.z.c.ZendeskController                : Info message success register find id [] [{"data":{"id":2193946911,"owner_id":5659584,"first_name":"Lead IVR","last_name":"Lead IVR","source_id":null,"unqualified_reason_id":null,"created_at":"2024-04-24T11:01:52Z","updated_at":"2024-04-24T11:01:52Z","twitter":null,"phone":null,"mobile":"926907418","facebook":null,"email":null,"title":null,"skype":null,"linkedin":null,"description":"Lead Ingresado por IVR","industry":null,"fax":null,"website":null,"address":{"line1":null,"city":null,"postal_code":null,"state":null,"country":null},"status":"New","creator_id":5659584,"organization_name":null,"tags":["ivr lead"],"custom_fields":{"Nro Documento":"72892458","Tipo Documento":"DNI"}},"meta":{"version":1,"type":"lead"}}]
2024-04-24 09:19:02.847  INFO joel-ROG-Strix-G513QM-G513QM --- [nio-8080-exec-2] c.i.z.c.ZendeskController                : Info message success register find id object [] {"id":2193946911,"owner_id":5659584,"first_name":"Lead IVR","last_name":"Lead IVR","source_id":null,"unqualified_reason_id":null,"created_at":"2024-04-24T11:01:52Z","updated_at":"2024-04-24T11:01:52Z","twitter":null,"phone":null,"mobile":"926907418","facebook":null,"email":null,"title":null,"skype":null,"linkedin":null,"description":"Lead Ingresado por IVR","industry":null,"fax":null,"website":null,"address":{"line1":null,"city":null,"postal_code":null,"state":null,"country":null},"status":"New","creator_id":5659584,"organization_name":null,"tags":["ivr lead"],"custom_fields":{"Nro Documento":"72892458","Tipo Documento":"DNI"}}
2024-04-24 09:19:02.849  INFO joel-ROG-Strix-G513QM-G513QM --- [nio-8080-exec-2] c.i.z.c.ZendeskController                : Error message in same day [] 2024-04-24
2024-04-24 09:32:59.426  INFO joel-ROG-Strix-G513QM-G513QM --- [extShutdownHook] o.s.s.c.ThreadPoolTaskExecutor           : Shutting down ExecutorService 'applicationTaskExecutor'
